Reading netlist file: "/home/xiaguangbo/linux/project/riscx32_and_rust/program_gw2arlv18qn88c817/project/impl/gwsynthesis/project.vg"
Parsing netlist file "/home/xiaguangbo/linux/project/riscx32_and_rust/program_gw2arlv18qn88c817/project/impl/gwsynthesis/project.vg" completed
Processing netlist completed
Reading constraint file: "/home/xiaguangbo/linux/project/riscx32_and_rust/program_gw2arlv18qn88c817/project/src/project.cst"
Physical Constraint parsed completed
Running placement......
[10%] Placement Phase 0 completed
[20%] Placement Phase 1 completed
[30%] Placement Phase 2 completed
WARN  (TA1132) :  'riscx32_core/n593_15' was determined to be a clock but was not created.
[50%] Placement Phase 3 completed
Running routing......
[60%] Routing Phase 0 completed
[70%] Routing Phase 1 completed
[80%] Routing Phase 2 completed
WARN  (PR1014) : Generic routing resource will be used to clock signal 'clk_d' by the specified constraint. And then it may lead to the excessive delay or skew
[90%] Routing Phase 3 completed
Running timing analysis......
[95%] Timing analysis completed
Placement and routing completed
Bitstream generation in progress......
Bitstream generation completed
Running power analysis......
[100%] Power analysis completed
Generate file "/home/xiaguangbo/linux/project/riscx32_and_rust/program_gw2arlv18qn88c817/project/impl/pnr/project.power.html" completed
Generate file "/home/xiaguangbo/linux/project/riscx32_and_rust/program_gw2arlv18qn88c817/project/impl/pnr/project.pin.html" completed
Generate file "/home/xiaguangbo/linux/project/riscx32_and_rust/program_gw2arlv18qn88c817/project/impl/pnr/project.rpt.html" completed
Generate file "/home/xiaguangbo/linux/project/riscx32_and_rust/program_gw2arlv18qn88c817/project/impl/pnr/project.rpt.txt" completed
Generate file "/home/xiaguangbo/linux/project/riscx32_and_rust/program_gw2arlv18qn88c817/project/impl/pnr/project.tr.html" completed
Thu Mar 20 21:18:30 2025

